Name: 广东卫视, URL: http://jxcbn.ws-cdn.gitv.tv/hls/GUANGDHD/index.m3u8?gMac=unknown&livodToken=59fd71bc9ab8ccb098e20dba7502351a73b4a120648316b836686754ebd7dbd2_1720509211_604800&fromCDN=ws, Date: None, Resolution: None, Response Time: 1756ms
Name: 广东卫视, URL: http://jxcbn.ws-cdn.gitv.tv/hls/GUANGDHD/index.m3u8?gMac=unknown&livodToken=59fd71bc9ab8ccb098e20dba7502351a73b4a120648316b836686754ebd7dbd2_1720509211_604800&fromCDN=ws, Date: None, Resolution: None, Response Time: 1758ms
Name: 深圳卫视, URL: http://jxcbn.ws-cdn.gitv.tv/hls/SHENZHD/index.m3u8?gMac=unknown&livodToken=6b52c18155b74d913b2a3060db6d74f2a29dd8a824d70f648a9882dca63fd962_1720509238_604800&fromCDN=ws, Date: None, Resolution: None, Response Time: 1676ms
Name: 深圳卫视, URL: http://jxcbn.ws-cdn.gitv.tv/hls/SHENZHD/index.m3u8?gMac=unknown&livodToken=6b52c18155b74d913b2a3060db6d74f2a29dd8a824d70f648a9882dca63fd962_1720509238_604800&fromCDN=ws, Date: None, Resolution: None, Response Time: 1680ms
Name: 广东卫视, URL: http://jxcbn.ws-cdn.gitv.tv/hls/GUANGDHD/index.m3u8?gMac=unknown&livodToken=59fd71bc9ab8ccb098e20dba7502351a73b4a120648316b836686754ebd7dbd2_1720509211_604800&fromCDN=ws, Date: None, Resolution: None, Response Time: 1900ms
Name: 广东卫视, URL: http://jxcbn.ws-cdn.gitv.tv/hls/GUANGDHD/index.m3u8?gMac=unknown&livodToken=59fd71bc9ab8ccb098e20dba7502351a73b4a120648316b836686754ebd7dbd2_1720509211_604800&fromCDN=ws, Date: None, Resolution: None, Response Time: 1903ms
Name: 浙江卫视, URL: http://ali-m-l.cztv.com/channels/lantian/channel001/1080p.m3u8, Date: None, Resolution: None, Response Time: 1784ms
Name: 湖南卫视, URL: http://jxcbn.ws-cdn.gitv.tv/hls/HUNANHD/index.m3u8?gMac=unknown&livodToken=d70b57aaeb691e28be8f737e9f9efa413979b27dfc97da8bc6b321c828e47010_1720508965_604800&fromCDN=ws, Date: None, Resolution: None, Response Time: 1517ms
Name: 北京卫视, URL: http://jxcbn.ws-cdn.gitv.tv/hls/BEIJHD/index.m3u8?gMac=unknown&livodToken=43dbb4a601652fcaea2ddbd73cd2f2f488aff86faee350276951eadd10dfb441_1720508364_604800&fromCDN=ws, Date: None, Resolution: None, Response Time: 1189ms
Name: 湖北卫视, URL: http://jxcbn.ws-cdn.gitv.tv/hls/HUBEIHD/index.m3u8?gMac=unknown&livodToken=b8f876f4b394029039b5d1733070c8731bc880530b0fb975397a5eeb37ca0cec_1720508906_604800&fromCDN=ws, Date: None, Resolution: None, Response Time: 1203ms
Name: 黑龙江卫视, URL: http://jxcbn.ws-cdn.gitv.tv/hls/HEILJHD/index.m3u8?gMac=unknown&livodToken=64cde00fa51eb520daec6aa6c1e3e90225906560d67b2607381a34d4431ebcc6_1720508553_604800&fromCDN=ws, Date: None, Resolution: None, Response Time: 1206ms
Name: 安徽卫视, URL: http://jxcbn.ws-cdn.gitv.tv/hls/ANHUIHD/index.m3u8?gMac=unknown&livodToken=02a806c27a6d5b383b7e327402a6c5d9be864ee6bda1277c84b8bc14c914a579_1720508862_604800&fromCDN=ws, Date: None, Resolution: None, Response Time: 1526ms
Name: 东方卫视, URL: http://jxcbn.ws-cdn.gitv.tv/hls/DONGFHD/index.m3u8?gMac=unknown&livodToken=4cb7770cf7195c2891acab71a8b5139c0f4abf80546956b07e6b8dd94b49e4e8_1720508420_604800&fromCDN=ws, Date: None, Resolution: None, Response Time: 1172ms
Name: 东南卫视, URL: http://jxcbn.ws-cdn.gitv.tv/hls/DONGNHD/index.m3u8?gMac=unknown&livodToken=5fc20660dbcb940d20412d743ece597d91c8b06af193d6a9b81ad2781b1b8a54_1720509176_604800&fromCDN=ws, Date: None, Resolution: None, Response Time: 1210ms
Name: 甘肃卫视, URL: http://jxcbn.ws-cdn.gitv.tv/hls/GSWS/index.m3u8?gMac=unknown&livodToken=171a8342304b3c81ad3c96545782987d838c6b9fb512cc6905270159a52113c2_1720508692_604800&fromCDN=ws, Date: None, Resolution: None, Response Time: 1520ms
Name: 广西卫视, URL: http://jxcbn.ws-cdn.gitv.tv/hls/GUANGXHD/index.m3u8?gMac=unknown&livodToken=a71e93bbbb5e737e3ca6045ab8958d7b1f6b03b2cfcc398439f6b9111e29a053_1720509270_604800&fromCDN=ws, Date: None, Resolution: None, Response Time: 1247ms
Name: 贵州卫视, URL: http://jxcbn.ws-cdn.gitv.tv/hls/GUIZHD/index.m3u8?gMac=unknown&livodToken=c2389ebe3248f5e8bb2be6ba564202250815c1ffce8bf911a01e5e09705f6576_1720509315_604800&fromCDN=ws, Date: None, Resolution: None, Response Time: 1186ms
Name: 海南卫视, URL: http://jxcbn.ws-cdn.gitv.tv/hls/HAINHD/index.m3u8?gMac=unknown&livodToken=337c9e24645beaea9e1dc2761e5d0e44cdce5dc90c3fedafcce5f9bde7faac9a_1720509432_604800&fromCDN=ws, Date: None, Resolution: None, Response Time: 1521ms
Name: 河北卫视, URL: http://jxcbn.ws-cdn.gitv.tv/hls/HAIBHD/index.m3u8?gMac=unknown&livodToken=e80bcd155eabf8e0dbe4c1fa52d05d048c86c1398334b5085f6c985eb88548ca_1720508762_604800&fromCDN=ws, Date: None, Resolution: None, Response Time: 1193ms
Name: 河南卫视, URL: http://jxcbn.ws-cdn.gitv.tv/hls/HENHD/index.m3u8?gMac=unknown&livodToken=c7713f989c35d7b798afec34071e72743fa784617458f4679369d1842cd422ac_1720508889_604800&fromCDN=ws, Date: None, Resolution: None, Response Time: 1625ms
Name: 吉林卫视, URL: http://jxcbn.ws-cdn.gitv.tv/hls/JILHD/index.m3u8?gMac=unknown&livodToken=aef69bf8c1b273132c0131c77a30e70de412ec16260723968deb9a2b8a769e5a_1720508592_604800&fromCDN=ws, Date: None, Resolution: None, Response Time: 1221ms
Name: 江苏卫视, URL: http://jxcbn.ws-cdn.gitv.tv/hls/JIANGSHD/index.m3u8?gMac=unknown&livodToken=aca1430fdaf3c8056ece793a65c2fefdc1f59e648c06bf6e63572e4994caa97c_1720509054_604800&fromCDN=ws, Date: None, Resolution: None, Response Time: 1007ms
Name: 江西卫视, URL: http://jxcbn.ws-cdn.gitv.tv/hls/JXWSHD/index.m3u8?gMac=unknown&livodToken=84e38030fc4f1248603777a24ade5ab82ef30103522330bb3444634a1b66307f_1720509019_604800&fromCDN=ws, Date: None, Resolution: None, Response Time: 1520ms
Name: 辽宁卫视, URL: http://jxcbn.ws-cdn.gitv.tv/hls/LIAONHD/index.m3u8?gMac=unknown&livodToken=33bd64ae442debde91e9f2e25fd1087a9924ad3708258c548faf04b8a757b0d4_1720508620_604800&fromCDN=ws, Date: None, Resolution: None, Response Time: 1188ms
Name: 内蒙古卫视, URL: http://jxcbn.ws-cdn.gitv.tv/hls/NMGWS/index.m3u8?gMac=unknown&livodToken=a09588cc53538af6402a57be79ed9490f6cdcdaef12f38888e5a3365a7a4d7c1_1720508643_604800&fromCDN=ws, Date: None, Resolution: None, Response Time: 1776ms
Name: 青海卫视, URL: http://jxcbn.ws-cdn.gitv.tv/hls/QHWS/index.m3u8?gMac=unknown&livodToken=495e44fa15aa6f066ed03ad059c8141856fd0591fd05036b71f202d50d2ee91f_1720508709_604800&fromCDN=ws, Date: None, Resolution: None, Response Time: 1165ms
Name: 山东卫视, URL: http://lives.jnnews.tv/video/s10001-SDTV/index.m3u8, Date: None, Resolution: None, Response Time: 731ms
Name: 陕西卫视, URL: http://jxcbn.ws-cdn.gitv.tv/hls/SXTV/index.m3u8?gMac=unknown&livodToken=c553bb820ba0fceee866c695e3e7ca27fc9cd874769c2d9c16cadad386c4a71e_1720508744_604800&fromCDN=ws, Date: None, Resolution: None, Response Time: 1110ms
Name: 四川卫视, URL: http://jxcbn.ws-cdn.gitv.tv/hls/SICHD/index.m3u8?gMac=unknown&livodToken=539d7323a2cbb4240388051e285321f2684e79db2a7c484168b386d99dc393b3_1720509350_604800&fromCDN=ws, Date: None, Resolution: None, Response Time: 1208ms
Name: 深圳卫视, URL: http://jxcbn.ws-cdn.gitv.tv/hls/SHENZHD/index.m3u8?gMac=unknown&livodToken=6b52c18155b74d913b2a3060db6d74f2a29dd8a824d70f648a9882dca63fd962_1720509238_604800&fromCDN=ws, Date: None, Resolution: None, Response Time: 1618ms
Name: 深圳卫视, URL: http://jxcbn.ws-cdn.gitv.tv/hls/SHENZHD/index.m3u8?gMac=unknown&livodToken=6b52c18155b74d913b2a3060db6d74f2a29dd8a824d70f648a9882dca63fd962_1720509238_604800&fromCDN=ws, Date: None, Resolution: None, Response Time: 1620ms
Name: 天津卫视, URL: http://jxcbn.ws-cdn.gitv.tv/hls/TIANJHD/index.m3u8?gMac=unknown&livodToken=4d4c86675dc5e31f25de3766d077588bdbab6a5c7b52057ab88712a1cac4df7b_1720508477_604800&fromCDN=ws, Date: None, Resolution: None, Response Time: 1300ms
Name: 新疆卫视, URL: http://jxcbn.ws-cdn.gitv.tv/hls/XJWS/index.m3u8?gMac=unknown&livodToken=3b0868c32bc314dfdd41bf46f20a8179d1494db60d9ce810bb8e7be0ca092c84_1720509373_604800&fromCDN=ws, Date: None, Resolution: None, Response Time: 1343ms
Name: 云南卫视, URL: http://jxcbn.ws-cdn.gitv.tv/hls/YUNNHD/index.m3u8?gMac=unknown&livodToken=bd74183e409c86a54debf6f2452fcadd940a4b90a2e1f981832970d2f916a945_1720509300_604800&fromCDN=ws, Date: None, Resolution: None, Response Time: 1518ms
Name: 凤凰中文, URL: http://116.162.6.191/zycfcdn.gdwlcloud.com/PLTV/88888888/224/3221226317/index.m3u8, Date: None, Resolution: None, Response Time: 544ms
Name: 凤凰资讯, URL: http://116.162.6.192/zycfcdn.gdwlcloud.com/PLTV/88888888/224/3221226320/index.m3u8, Date: None, Resolution: None, Response Time: 514ms
